<?xml version="1.0" encoding="UTF-8"?>
<!-- Generated by org.testng.reporters.JUnitReportReporter -->
<testsuite hostname="DESKTOP-RO8R1G4" failures="0" tests="1" name="com.Actitime.Testscripts.CreateCustomer" time="11.320" errors="0" timestamp="2023-12-26T13:02:12 IST" skipped="0">
  <testcase classname="com.Actitime.Testscripts.CreateCustomer" name="createcust" time="11.320"/>
  <system-out>
    <![CDATA[database connected
browser launched
logged in successfully
logged out successfully
browser sucessfully closed
database disconnected sucessfully]]>
  </system-out>
</testsuite> <!-- com.Actitime.Testscripts.CreateCustomer -->
